
> smart-bookmark-app@1.0.0 build
> next build

   ▲ Next.js 15.5.12

   Creating an optimized production build ...
<w> [webpack.cache.PackFileCacheStrategy] Serializing big strings (133kiB) impacts deserialization performance (consider using Buffer instead and decode when needed)
 ✓ Compiled successfully in 3.8s
   Linting and checking validity of types ...
   Collecting page data ...
   Generating static pages (0/7) ...
   Generating static pages (1/7) 
   Generating static pages (3/7) 
   Generating static pages (5/7) 
 ✓ Generating static pages (7/7)
   Finalizing page optimization ...
   Collecting build traces ...

Route (app)                                 Size  First Load JS
┌ ƒ /                                      126 B         102 kB
├ ○ /_not-found                            993 B         103 kB
├ ƒ /auth/callback                         126 B         102 kB
├ ƒ /dashboard                           2.49 kB         158 kB
└ ○ /login                                1.5 kB         157 kB
+ First Load JS shared by all             102 kB
  ├ chunks/255-ebd51be49873d76c.js         46 kB
  ├ chunks/4bd1b696-c023c6e3521b1417.js  54.2 kB
  └ other shared chunks (total)          1.97 kB


ƒ Middleware                             81.3 kB

○  (Static)   prerendered as static content
ƒ  (Dynamic)  server-rendered on demand

